2025-05-06 19:35:35,269 - INFO - test_log:9 - 这是一条信息级别的日志
2025-05-06 19:35:35,269 - WARNING - test_log:10 - 这是一条警告级别的日志
[41;37m2025-05-06 19:35:35,269 - ERROR - test_log:11 - 这是一条错误级别的日志[0m
2025-05-06 19:35:35,269 - CRITICAL - test_log:12 - 这是一条严重错误级别的日志
2025-05-06 19:36:38,934 - INFO - stock_cache:64 - 成功更新昨日涨停股票池缓存
2025-05-06 19:36:38,934 - INFO - stock_cache:65 -          c  m     n      p    ztp        zdp  ...         zf        zs    yfbt  ylbc  hybk                   zttj
0   002229  0  鸿博股份  17200  17470   8.312343  ...   7.997481  2.016607   94209     4  造纸印刷   {'days': 5, 'ct': 4}
1   605151  1   西上海  17550  19380  -0.397276  ...   3.575483  0.978136  104322     1  汽车零部   {'days': 2, 'ct': 1}
2   002915  0  中欣氟材  21430  23510   0.280767  ...   8.376228  0.847059  111309     2  化学制品   {'days': 8, 'ct': 5}
3   870199  0   倍益康  33260  37940  13.943131  ...  26.378897  0.604961  130017     1  医疗器械   {'days': 2, 'ct': 1}
4   603185  1  弘元绿能  14400  15620   1.408451  ...   2.394366  0.488486  101536     1  光伏设备   {'days': 2, 'ct': 1}
5   603955  1  大千生态  25340  27430   1.603849  ...   9.823576  0.475813  145515     1  工程建设   {'days': 4, 'ct': 2}
6   600463  1  空港股份   9500  10270   1.713062  ...   4.175589  0.422833  104321     1  房地产开   {'days': 2, 'ct': 1}
7   605255  1  天普股份  17050  18620   0.708801  ...   4.134672  0.412250  130221     1  汽车零部   {'days': 2, 'ct': 1}
8   600340  1  华夏幸福   2440   2630   2.092050  ...   3.765690  0.411523  145037     1  房地产开   {'days': 2, 'ct': 1}
9   838810  0  春光智能  22370  27500   5.718337  ...  20.557655  0.358905  140259     1  专用设备   {'days': 2, 'ct': 1}
10  603359  1  东珠生态   7150   8360  -5.921053  ...  17.631578  0.280505   93545     2  环保行业   {'days': 7, 'ct': 4}
11  000016  0  深康佳Ａ   5570   6000   2.201835  ...   6.972477  0.179856   93045     1  家电行业   {'days': 2, 'ct': 1}
12  603839  1  安正时尚   5900   6360   2.076125  ...   7.612456  0.169779   93047     1  纺织服装   {'days': 2, 'ct': 1}
13  601595  1  上海电影  33750  36040   3.021978  ...   6.715507  0.148368  135044     1  文化传媒   {'days': 2, 'ct': 1}
14  002286  0   保龄宝   9340  10140   1.301518  ...   9.652928  0.107181   95648     1  食品饮料   {'days': 2, 'ct': 1}
15  002164  0  宁波东力   9400   9890   4.560623  ...   7.675195  0.106496  134833     2  通用设备   {'days': 3, 'ct': 2}
16  002436  0  兴森科技  12920  13770   3.194888  ...   5.191693  0.077459  141012     1  电子元件   {'days': 2, 'ct': 1}
17  600793  1  宜宾纸业  24620  27340  -0.925553  ...   4.225352  0.040634  141330     1  造纸印刷   {'days': 2, 'ct': 1}
18  603489  1  八方股份  27610  29500   2.945563  ...   2.684564  0.036232  144423     1    电机   {'days': 2, 'ct': 1}
19  000158  0  常山北明  24820  24820  10.017731  ...   7.579787  0.000000   93751     1  综合行业   {'days': 2, 'ct': 2}
20  000565  0  渝三峡Ａ   8310   8310  10.066225  ...  14.172186  0.000000  144918     4  化学制品   {'days': 5, 'ct': 5}
21  001256  0  炜冈科技  23740  25260   3.397213  ...   7.273519  0.000000  132106     1  专用设备   {'days': 2, 'ct': 1}
22  001316  0  润贝航科  42960  42960  10.012804  ...   6.862997  0.000000   93336     1  贸易行业  {'days': 11, 'ct': 6}
23  002201  0  九鼎新材   6600   7160   1.382488  ...   3.379416  0.000000   93036     1  玻璃玻纤   {'days': 2, 'ct': 1}
24  002272  0  川润股份  10750  10750  10.030706  ...   6.653020  0.000000  101433     1  工程机械   {'days': 2, 'ct': 2}
25  002355  0  兴民智通   6890   6890  10.063898  ...   3.674122  0.000000   92500     1  汽车零部   {'days': 2, 'ct': 2}
26  002471  0  中超控股   3270   3270  10.101010  ...   0.000000  0.000000   93009     1  电网设备   {'days': 2, 'ct': 2}
27  002491  0  通鼎互联   4940   5070   7.158352  ...  10.845986  0.000000   93000     1  通信设备   {'days': 2, 'ct': 1}
28  002553  0  南方精工  23100  23970   6.011932  ...   6.746214  0.000000  135224     1  汽车零部   {'days': 2, 'ct': 1}
29  002664  0  信质集团  18950  18950   9.982588  ...   5.513639  0.000000  144154     1  汽车零部   {'days': 2, 'ct': 2}
30  002667  0  威领股份  12980  14750  -3.206562  ...   8.202834  0.000000  142645     1  能源金属   {'days': 2, 'ct': 1}
31  002730  0  电光科技  17380  17380  10.000000  ...   0.000000  0.000000   92500     1  专用设备   {'days': 2, 'ct': 2}
32  002861  0  瀛通通讯  14440  15980  -0.619408  ...   5.849966  0.000000  132248     1  消费电子   {'days': 4, 'ct': 2}
33  002901  0  大博医疗  38900  40660   5.248918  ...   4.329004  0.000000  100648     1  医疗器械   {'days': 2, 'ct': 1}
34  300005  0   探路者  10700  12180   5.418719  ...   6.995074  0.000000  110321     1  纺织服装   {'days': 2, 'ct': 1}
35  300366  0  创意信息   7900   8590  10.335196  ...  12.849162  0.000000   94600     1  软件开发   {'days': 2, 'ct': 1}
36  301008  0  宏昌科技  28200  33050   2.396514  ...  11.147422  0.000000  131918     1  家电行业   {'days': 2, 'ct': 1}
37  301387  0  光大同创  40500  48430   0.346878  ...   8.771060  0.000000  130000     1  消费电子   {'days': 2, 'ct': 1}
38  600592  1  龙溪股份  24680  24680   9.982175  ...   7.754011  0.000000  145304     1  通用设备   {'days': 2, 'ct': 2}
39  600735  1   新华锦   6260   6260  10.017574  ...  10.017574  0.000000  130703     1  纺织服装   {'days': 2, 'ct': 2}
40  600743  1  华远地产   1880   2050   1.075269  ...   4.301075  0.000000  101145     1  房地产开   {'days': 2, 'ct': 1}
41  600774  1  汉商集团   9880   9880  10.022271  ...  15.256124  0.000000   92501     2  商业百货   {'days': 3, 'ct': 3}
42  600889  1  南京化纤  17600  20090  -3.614458  ...   4.545455  0.000000  144442     1  化纤行业   {'days': 2, 'ct': 1}
43  603030  1  全筑股份   2900   2900   9.848485  ...   0.000000  0.000000   93021     2  装修装饰   {'days': 3, 'ct': 3}
44  603040  1   新坐标  38160  38160  10.002883  ...   7.379648  0.000000  104732     2  汽车零部   {'days': 3, 'ct': 3}
45  603166  1  福达股份  18070  18070   9.981741  ...   8.034084  0.000000  130803     1  汽车零部   {'days': 2, 'ct': 2}
46  603322  1  超讯通信  34490  35450   7.012101  ...   6.577723  0.000000   93916     1  通信服务   {'days': 2, 'ct': 1}
47  603586  1   金麒麟  18590  18590  10.000000  ...   2.426035  0.000000  111206     1  汽车零部   {'days': 4, 'ct': 3}
48  603616  1  韩建河山   3560   3860   1.424501  ...   3.703704  0.000000  105726     1  水泥建材   {'days': 2, 'ct': 1}
49  603863  1  松炀资源  13410  14340   2.837423  ...   4.601227  0.000000  142302     1  造纸印刷   {'days': 2, 'ct': 1}

[50 rows x 16 columns]
2025-05-06 19:36:44,273 - INFO - stock_cache:73 - 成功更新持仓信息缓存
2025-05-06 19:36:44,273 - INFO - stock_cache:74 - {'code': 0, 'data': [{'交易市场': '上海Ａ股', '仓位占比(%)': '12.13', '冻结数量': '0', '可用余额': '1000', '市价': '24.070', '市值': '24070.000', '当日买入': '0', '当日卖出': '0', '当日盈亏': '970.00', '当日盈亏比(%)': '4.20', '成本价': '25.488', '盈亏': '-1418.150', '盈亏比例(%)': '-5.560', '股票余额': '1000', '证券代码': '603220', '证券名称': '中贝通信'}], 'status': 'succeed'}
2025-05-06 19:36:47,449 - INFO - stock_cache:82 - 成功更新余额信息缓存
2025-05-06 19:36:47,449 - INFO - stock_cache:83 - {'冻结金额': '0.00', '可取金额': '0.00', '可用金额': '174324.78', '当日盈亏': '970.00', '当日盈亏比': '0.49%', '总资产': '198394.78', '持仓盈亏': '-1418.15', '股票市值': '24070.00', '资金余额': '174324.78'}
2025-05-06 19:36:48,050 - INFO - stock_cache:104 - 成功更新交易日历缓存
2025-05-06 19:36:48,050 - INFO - stock_cache:105 -           jyrq
5   2025-05-06
6   2025-05-07
7   2025-05-08
8   2025-05-09
11  2025-05-12
12  2025-05-13
13  2025-05-14
14  2025-05-15
15  2025-05-16
18  2025-05-19
19  2025-05-20
20  2025-05-21
21  2025-05-22
22  2025-05-23
25  2025-05-26
26  2025-05-27
27  2025-05-28
28  2025-05-29
29  2025-05-30
